<?xml version="1.0" encoding="UTF-8"?>
<!-- Generated by org.testng.reporters.JUnitReportReporter -->
<testsuite hostname="user-PC" name="d.NewTest" tests="2" failures="0" timestamp="24 Feb 2018 13:59:17 GMT" time="4.399" errors="0">
  <testcase name="search" time="2.112" classname="d.NewTest"/>
  <testcase name="search" time="2.287" classname="d.NewTest"/>
</testsuite> <!-- d.NewTest -->
