<?xml version="1.0" encoding="UTF-8"?>
<!-- Generated by org.testng.reporters.JUnitReportReporter -->
<testsuite name="PageLibrary.Login" tests="1" time="5.601" ignored="0" failures="0" timestamp="03 Jun 2018 16:45:14 GMT" skipped="0" hostname="user-PC" errors="0">
  <testcase name="testlogin" time="5.601" classname="PageLibrary.Login"/>
</testsuite> <!-- PageLibrary.Login -->
