<?xml version="1.0" encoding="UTF-8"?>
<!-- Generated by org.testng.reporters.JUnitReportReporter -->
<testsuite name="TestScript.Login" tests="1" time="5.572" ignored="0" failures="0" timestamp="09 Jun 2018 10:21:21 GMT" skipped="0" hostname="user-PC" errors="0">
  <testcase name="testlogin" time="5.572" classname="TestScript.Login"/>
</testsuite> <!-- TestScript.Login -->
