<?xml version="1.0" encoding="UTF-8"?>
<!-- Generated by org.testng.reporters.JUnitReportReporter -->
<testsuite hostname="user-PC" name="lb.NewTest_Sc" tests="1" failures="0" timestamp="27 May 2018 16:17:29 GMT" time="23.374" errors="0">
  <testcase name="Login" time="23.374" classname="lb.NewTest_Sc"/>
</testsuite> <!-- lb.NewTest_Sc -->
