<?xml version="1.0" encoding="UTF-8"?>
<!-- Generated by org.testng.reporters.JUnitReportReporter -->
<testsuite hostname="user-PC" name="autopractice.Dataexcelng" tests="3" failures="0" timestamp="3 Mar 2018 12:12:03 GMT" time="284.128" errors="0">
  <testcase name="Login" time="237.331" classname="autopractice.Dataexcelng"/>
  <testcase name="Login" time="21.203" classname="autopractice.Dataexcelng"/>
  <testcase name="Login" time="25.594" classname="autopractice.Dataexcelng"/>
</testsuite> <!-- autopractice.Dataexcelng -->
