<?xml version="1.0" encoding="UTF-8"?>
<!-- Generated by org.testng.reporters.JUnitReportReporter -->
<testsuite hostname="user-PC" name="ng.Grouping" tests="5" failures="0" timestamp="18 Feb 2018 12:32:38 GMT" time="0.026" errors="0">
  <testcase name="bike2" time="0.005" classname="ng.Grouping"/>
  <testcase name="Scootar2" time="0.001" classname="ng.Grouping"/>
  <testcase name="Mix" time="0.013" classname="ng.Grouping"/>
  <testcase name="bike1" time="0.003" classname="ng.Grouping"/>
  <testcase name="Scootar1" time="0.004" classname="ng.Grouping"/>
</testsuite> <!-- ng.Grouping -->
