<?xml version="1.0" encoding="UTF-8"?>
<!-- Generated by org.testng.reporters.JUnitReportReporter -->
<testsuite hostname="user-PC" name="ng.Dependent" tests="4" failures="0" timestamp="24 Feb 2018 11:02:48 GMT" time="0.031" errors="0">
  <testcase name="logout" time="0.016" classname="ng.Dependent"/>
  <testcase name="browser" time="0.015" classname="ng.Dependent"/>
  <testcase name="login" time="0.000" classname="ng.Dependent"/>
  <testcase name="action" time="0.000" classname="ng.Dependent"/>
</testsuite> <!-- ng.Dependent -->
