<?xml version="1.0" encoding="UTF-8"?>
<!-- Generated by org.testng.reporters.JUnitReportReporter -->
<testsuite hostname="user-PC" name="ng.Parametrize" tests="1" failures="0" timestamp="1 Jun 2018 10:45:54 GMT" time="0.012" errors="0">
  <testcase name="Param" time="0.012" classname="ng.Parametrize"/>
</testsuite> <!-- ng.Parametrize -->
