<?xml version="1.0" encoding="UTF-8"?>
<!-- Generated by org.testng.reporters.JUnitReportReporter -->
<testsuite hostname="user-PC" name="ng.SC" tests="1" failures="0" timestamp="27 May 2018 16:36:14 GMT" time="30.619" errors="0">
  <testcase name="f" time="30.619" classname="ng.SC"/>
</testsuite> <!-- ng.SC -->
