<?xml version="1.0" encoding="UTF-8"?>
<!-- Generated by org.testng.reporters.JUnitReportReporter -->
<testsuite hostname="user-PC" name="ng.sequencing" tests="4" failures="0" timestamp="18 Feb 2018 12:14:10 GMT" time="0.020" errors="0">
  <testcase name="testCase1" time="0.007" classname="ng.sequencing"/>
  <testcase name="testCase2" time="0.001" classname="ng.sequencing"/>
  <testcase name="testCase3" time="0.008" classname="ng.sequencing"/>
  <testcase name="testCase4" time="0.004" classname="ng.sequencing"/>
</testsuite> <!-- ng.sequencing -->
