<?xml version="1.0" encoding="UTF-8"?>
<!-- Generated by org.testng.reporters.JUnitReportReporter -->
<testsuite skipped="0" hostname="user-PC" name="pom2.login" tests="1" failures="0" timestamp="04 Mar 2018 15:32:06 GMT" time="17.908" errors="0">
  <testcase name="Newtours" time="17.908" classname="pom2.login"/>
</testsuite> <!-- pom2.login -->
