<?xml version="1.0" encoding="UTF-8"?>
<!-- Generated by org.testng.reporters.JUnitReportReporter -->
<testsuite name="POM_Maven.Login" tests="1" time="5.715" ignored="0" failures="0" timestamp="03 Jun 2018 15:59:08 GMT" skipped="0" hostname="user-PC" errors="0">
  <testcase name="testlogin" time="5.715" classname="POM_Maven.Login"/>
</testsuite> <!-- POM_Maven.Login -->
