<?xml version="1.0" encoding="UTF-8"?>
<!-- Generated by org.testng.reporters.JUnitReportReporter -->
<testsuite hostname="user-PC" name="dkb.NewTest" tests="1" failures="0" timestamp="9 Jun 2018 14:48:32 GMT" time="0.007" errors="0">
  <testcase name="f" time="0.007" classname="dkb.NewTest"/>
</testsuite> <!-- dkb.NewTest -->
