<?xml version="1.0" encoding="UTF-8"?>
<!-- Generated by org.testng.reporters.JUnitReportReporter -->
<testsuite hostname="user-PC" name="data.TestListeners" tests="1" failures="0" timestamp="25 Feb 2018 11:03:44 GMT" time="0.009" errors="0">
  <testcase name="f" time="0.009" classname="data.TestListeners"/>
</testsuite> <!-- data.TestListeners -->
