<?xml version="1.0" encoding="UTF-8"?>
<!-- Generated by org.testng.reporters.JUnitReportReporter -->
<testsuite hostname="user-PC" name="data.firsttestngfile" tests="1" failures="0" timestamp="24 Feb 2018 16:18:52 GMT" time="0.055" errors="0">
  <testcase name="verifyHomepageTitle" time="0.055" classname="data.firsttestngfile"/>
</testsuite> <!-- data.firsttestngfile -->
