<?xml version="1.0" encoding="UTF-8"?>
<!-- Generated by org.testng.reporters.JUnitReportReporter -->
<testsuite hostname="user-PC" name="data.Mb" tests="2" failures="0" timestamp="24 Feb 2018 18:27:53 GMT" time="41.202" errors="0">
  <testcase name="f" time="23.340" classname="data.Mb"/>
  <testcase name="f" time="17.862" classname="data.Mb"/>
</testsuite> <!-- data.Mb -->
