<?xml version="1.0" encoding="UTF-8"?>
<!-- Generated by org.testng.reporters.JUnitReportReporter -->
<testsuite hostname="user-PC" name="data.Multibrowser" tests="2" failures="0" timestamp="24 Feb 2018 18:51:27 GMT" time="24.755" errors="0">
  <testcase name="f" time="10.157" classname="data.Multibrowser"/>
  <testcase name="f" time="14.598" classname="data.Multibrowser"/>
</testsuite> <!-- data.Multibrowser -->
