<?xml version="1.0" encoding="UTF-8"?>
<!-- Generated by org.testng.reporters.JUnitReportReporter -->
<testsuite hostname="user-PC" name="mukesh.Bootstarp_dropdown" tests="1" failures="0" timestamp="29 May 2018 17:26:39 GMT" time="5.846" errors="0">
  <testcase name="dropdown" time="5.846" classname="mukesh.Bootstarp_dropdown"/>
</testsuite> <!-- mukesh.Bootstarp_dropdown -->
