<?xml version="1.0" encoding="UTF-8"?>
<!-- Generated by org.testng.reporters.JUnitReportReporter -->
<testsuite hostname="user-PC" name="screenshot.Screenshot" tests="1" failures="0" timestamp="27 May 2018 16:40:46 GMT" time="31.165" errors="0">
  <testcase name="sc" time="31.165" classname="screenshot.Screenshot"/>
</testsuite> <!-- screenshot.Screenshot -->
