<?xml version="1.0" encoding="UTF-8"?>
<!-- Generated by org.testng.reporters.JUnitReportReporter -->
<testsuite hostname="user-PC" name="screenshot.FailedSC" tests="1" failures="0" timestamp="4 Mar 2018 15:28:31 GMT" time="35.717" errors="0">
  <testcase name="f" time="35.717" classname="screenshot.FailedSC"/>
</testsuite> <!-- screenshot.FailedSC -->
